<?xml version="1.0" encoding="UTF-8"?>
<testsuite xmlns:xsi="http://www.w3.org/2001/XMLSchema-instance" xsi:noNamespaceSchemaLocation="https://maven.apache.org/surefire/maven-surefire-plugin/xsd/surefire-test-report-3.0.xsd" version="3.0" name="TestSuite" time="9.113" tests="1" errors="0" skipped="0" failures="1">
  <properties>
[...]
</properties>
  <testcase name="fieldsValidationOnRegisterPage" classname="com.ebaytest.HomePageValidations" time="2.761">
    <failure message="The following asserts failed:&#10;	expected [Lat Name] but found [Last Name]" type="java.lang.AssertionError">java.lang.AssertionError: 
The following asserts failed:
	expected [Lat Name] but found [Last Name]
	at com.ebaytest.HomePageValidations.fieldsValidationOnRegisterPage(HomePageValidations.java:62)
</failure>
    <system-out><![CDATA[[TestNGContentHandler] [WARN] It is strongly recommended to add "<!DOCTYPE suite SYSTEM "https://testng.org/testng-1.0.dtd" >" at the top of your file, otherwise TestNG may fail or not work as expected.
Extent Report Directory/Users/imamhossan/IdeaProjects/WebAutomationNov2020/ebay/target/surefire-reports/html
Clicked on Register Button<br>
first name is displayed<br>
last name is displayed<br>
email is displayed<br>
]]></system-out>
    <system-err><![CDATA[Starting ChromeDriver 86.0.4240.22 (398b0743353ff36fb1b82468f63a3a93b4e2e89e-refs/branch-heads/4240@{#378}) on port 40080
Only local connections are allowed.
Please see https://chromedriver.chromium.org/security-considerations for suggestions on keeping ChromeDriver safe.
ChromeDriver was started successfully.
Nov 23, 2020 9:49:44 PM org.openqa.selenium.remote.ProtocolHandshake createSession
INFO: Detected dialect: W3C
]]></system-err>
  </testcase>
</testsuite>